c:\users\joshua\documents\github\personalgit\csce-463-distributed-networks\hw 1 web crawler\463-sample\463-sample\debug\463-sample.pch
c:\users\joshua\documents\github\personalgit\csce-463-distributed-networks\hw 1 web crawler\463-sample\463-sample\debug\vc143.pdb
c:\users\joshua\documents\github\personalgit\csce-463-distributed-networks\hw 1 web crawler\463-sample\463-sample\debug\vc143.idb
c:\users\joshua\documents\github\personalgit\csce-463-distributed-networks\hw 1 web crawler\463-sample\463-sample\debug\pch.obj
c:\users\joshua\documents\github\personalgit\csce-463-distributed-networks\hw 1 web crawler\463-sample\463-sample\debug\winsock.obj
c:\users\joshua\documents\github\personalgit\csce-463-distributed-networks\hw 1 web crawler\463-sample\463-sample\debug\socket.obj
c:\users\joshua\documents\github\personalgit\csce-463-distributed-networks\hw 1 web crawler\463-sample\463-sample\debug\parsedhtml.obj
c:\users\joshua\documents\github\personalgit\csce-463-distributed-networks\hw 1 web crawler\463-sample\463-sample\debug\main.obj
c:\users\joshua\documents\github\personalgit\csce-463-distributed-networks\hw 1 web crawler\463-sample\463-sample\debug\cpu.obj
c:\users\joshua\documents\github\personalgit\csce-463-distributed-networks\hw 1 web crawler\463-sample\463-sample\debug\dns.obj
c:\users\joshua\documents\github\personalgit\csce-463-distributed-networks\hw 1 web crawler\463-sample\463-sample\debug\463-sample.exe
c:\users\joshua\documents\github\personalgit\csce-463-distributed-networks\hw 1 web crawler\463-sample\463-sample\debug\463-sample.ilk
c:\users\joshua\documents\github\personalgit\csce-463-distributed-networks\hw 1 web crawler\463-sample\463-sample\debug\463-sample.pdb
c:\users\joshua\documents\github\personalgit\csce-463-distributed-networks\hw 1 web crawler\463-sample\463-sample\debug\parsedhtml.obj.enc
c:\users\joshua\documents\github\personalgit\csce-463-distributed-networks\hw 1 web crawler\463-sample\463-sample\debug\463-sample.tlog\cl.command.1.tlog
c:\users\joshua\documents\github\personalgit\csce-463-distributed-networks\hw 1 web crawler\463-sample\463-sample\debug\463-sample.tlog\cl.items.tlog
c:\users\joshua\documents\github\personalgit\csce-463-distributed-networks\hw 1 web crawler\463-sample\463-sample\debug\463-sample.tlog\cl.read.1.tlog
c:\users\joshua\documents\github\personalgit\csce-463-distributed-networks\hw 1 web crawler\463-sample\463-sample\debug\463-sample.tlog\cl.write.1.tlog
c:\users\joshua\documents\github\personalgit\csce-463-distributed-networks\hw 1 web crawler\463-sample\463-sample\debug\463-sample.tlog\link.command.1.tlog
c:\users\joshua\documents\github\personalgit\csce-463-distributed-networks\hw 1 web crawler\463-sample\463-sample\debug\463-sample.tlog\link.read.1.tlog
c:\users\joshua\documents\github\personalgit\csce-463-distributed-networks\hw 1 web crawler\463-sample\463-sample\debug\463-sample.tlog\link.write.1.tlog
